 
 -------------- celery@MacBook-Air-Nikolas.local v5.6.2 (recovery)
--- ***** ----- 
-- ******* ---- macOS-15.0.1-arm64-arm-64bit 2026-02-22 00:47:46
- *** --- * --- 
- ** ---------- [config]
- ** ---------- .> app:         crm_tasks:0x104b52cd0
- ** ---------- .> transport:   redis://localhost:6379/0
- ** ---------- .> results:     redis://localhost:6379/0
- *** --- * --- .> concurrency: 8 (prefork)
-- ******* ---- .> task events: OFF (enable -E to monitor tasks in this worker)
--- ***** ----- 
 -------------- [queues]
                .> celery           exchange=celery(direct) key=celery
                

[tasks]
  . app.celery.tasks.ai_tasks.analyze_lead_task
  . app.celery.tasks.ai_tasks.batch_analyze_leads_task
  . app.celery.tasks.export_tasks.export_leads_csv_task
  . app.celery.tasks.lead_tasks.auto_followup_task
  . app.celery.tasks.lead_tasks.cleanup_old_leads_task
  . app.celery.tasks.lead_tasks.process_stale_leads_task
  . app.celery.tasks.statistics_tasks.export_leads_task
  . app.celery.tasks.statistics_tasks.generate_advanced_report_task
  . app.celery.tasks.statistics_tasks.generate_daily_statistics_task
  . app.celery.tasks.statistics_tasks.generate_lead_report_task

[2026-02-22 00:47:47,496: INFO/MainProcess] Connected to redis://localhost:6379/0
[2026-02-22 00:47:47,510: INFO/MainProcess] mingle: searching for neighbors
[2026-02-22 00:47:48,558: INFO/MainProcess] mingle: all alone
[2026-02-22 00:47:48,598: INFO/MainProcess] celery@MacBook-Air-Nikolas.local ready.
[2026-02-22 03:05:56,095: WARNING/MainProcess] consumer: Connection to broker lost. Trying to re-establish the connection...
Traceback (most recent call last):
  File "/Library/Frameworks/Python.framework/Versions/3.11/lib/python3.11/site-packages/celery/worker/consumer/consumer.py", line 346, in start
    blueprint.start(self)
  File "/Library/Frameworks/Python.framework/Versions/3.11/lib/python3.11/site-packages/celery/bootsteps.py", line 116, in start
    step.start(parent)
  File "/Library/Frameworks/Python.framework/Versions/3.11/lib/python3.11/site-packages/celery/worker/consumer/consumer.py", line 788, in start
    c.loop(*c.loop_args())
  File "/Library/Frameworks/Python.framework/Versions/3.11/lib/python3.11/site-packages/celery/worker/loops.py", line 96, in asynloop
    next(loop)
  File "/Library/Frameworks/Python.framework/Versions/3.11/lib/python3.11/site-packages/kombu/asynchronous/hub.py", line 377, in create_loop
    cb(*cbargs)
  File "/Library/Frameworks/Python.framework/Versions/3.11/lib/python3.11/site-packages/kombu/transport/redis.py", line 1394, in on_readable
    self.cycle.on_readable(fileno)
  File "/Library/Frameworks/Python.framework/Versions/3.11/lib/python3.11/site-packages/kombu/transport/redis.py", line 579, in on_readable
    chan.handlers[type]()
  File "/Library/Frameworks/Python.framework/Versions/3.11/lib/python3.11/site-packages/kombu/transport/redis.py", line 931, in _receive
    ret.append(self._receive_one(c))
               ^^^^^^^^^^^^^^^^^^^^
  File "/Library/Frameworks/Python.framework/Versions/3.11/lib/python3.11/site-packages/kombu/transport/redis.py", line 941, in _receive_one
    response = c.parse_response()
               ^^^^^^^^^^^^^^^^^^
  File "/Library/Frameworks/Python.framework/Versions/3.11/lib/python3.11/site-packages/redis/client.py", line 824, in parse_response
    response = self._execute(conn, try_read)
               ^^^^^^^^^^^^^^^^^^^^^^^^^^^^^
  File "/Library/Frameworks/Python.framework/Versions/3.11/lib/python3.11/site-packages/redis/client.py", line 800, in _execute
    return conn.retry.call_with_retry(
           ^^^^^^^^^^^^^^^^^^^^^^^^^^^
  File "/Library/Frameworks/Python.framework/Versions/3.11/lib/python3.11/site-packages/redis/retry.py", line 49, in call_with_retry
    fail(error)
  File "/Library/Frameworks/Python.framework/Versions/3.11/lib/python3.11/site-packages/redis/client.py", line 802, in <lambda>
    lambda error: self._disconnect_raise_connect(conn, error),
                  ^^^^^^^^^^^^^^^^^^^^^^^^^^^^^^^^^^^^^^^^^^^
  File "/Library/Frameworks/Python.framework/Versions/3.11/lib/python3.11/site-packages/redis/client.py", line 789, in _disconnect_raise_connect
    raise error
  File "/Library/Frameworks/Python.framework/Versions/3.11/lib/python3.11/site-packages/redis/retry.py", line 46, in call_with_retry
    return do()
           ^^^^
  File "/Library/Frameworks/Python.framework/Versions/3.11/lib/python3.11/site-packages/redis/client.py", line 801, in <lambda>
    lambda: command(*args, **kwargs),
            ^^^^^^^^^^^^^^^^^^^^^^^^
  File "/Library/Frameworks/Python.framework/Versions/3.11/lib/python3.11/site-packages/redis/client.py", line 822, in try_read
    return conn.read_response(disconnect_on_error=False, push_request=True)
           ^^^^^^^^^^^^^^^^^^^^^^^^^^^^^^^^^^^^^^^^^^^^^^^^^^^^^^^^^^^^^^^^
  File "/Library/Frameworks/Python.framework/Versions/3.11/lib/python3.11/site-packages/redis/connection.py", line 500, in read_response
    response = self._parser.read_response(disable_decoding=disable_decoding)
               ^^^^^^^^^^^^^^^^^^^^^^^^^^^^^^^^^^^^^^^^^^^^^^^^^^^^^^^^^^^^^
  File "/Library/Frameworks/Python.framework/Versions/3.11/lib/python3.11/site-packages/redis/_parsers/resp2.py", line 15, in read_response
    result = self._read_response(disable_decoding=disable_decoding)
             ^^^^^^^^^^^^^^^^^^^^^^^^^^^^^^^^^^^^^^^^^^^^^^^^^^^^^^
  File "/Library/Frameworks/Python.framework/Versions/3.11/lib/python3.11/site-packages/redis/_parsers/resp2.py", line 25, in _read_response
    raw = self._buffer.readline()
          ^^^^^^^^^^^^^^^^^^^^^^^
  File "/Library/Frameworks/Python.framework/Versions/3.11/lib/python3.11/site-packages/redis/_parsers/socket.py", line 115, in readline
    self._read_from_socket()
  File "/Library/Frameworks/Python.framework/Versions/3.11/lib/python3.11/site-packages/redis/_parsers/socket.py", line 68, in _read_from_socket
    raise ConnectionError(SERVER_CLOSED_CONNECTION_ERROR)
redis.exceptions.ConnectionError: Connection closed by server.
[2026-02-22 03:05:56,309: WARNING/MainProcess] /Library/Frameworks/Python.framework/Versions/3.11/lib/python3.11/site-packages/celery/worker/consumer/consumer.py:397: CPendingDeprecationWarning: 
In Celery 5.1 we introduced an optional breaking change which
on connection loss cancels all currently executed tasks with late acknowledgement enabled.
These tasks cannot be acknowledged as the connection is gone, and the tasks are automatically redelivered
back to the queue. You can enable this behavior using the worker_cancel_long_running_tasks_on_connection_loss
setting. In Celery 5.1 it is set to False by default. The setting will be set to True by default in Celery 6.0.

  warnings.warn(CANCEL_TASKS_BY_DEFAULT, CPendingDeprecationWarning)

[2026-02-22 03:05:56,377: ERROR/MainProcess] consumer: Cannot connect to redis://localhost:6379/0: Connection closed by server..
Trying again in 2.00 seconds... (1/100)

[2026-02-22 03:05:58,383: ERROR/MainProcess] consumer: Cannot connect to redis://localhost:6379/0: Error 61 connecting to localhost:6379. Connection refused..
Trying again in 4.00 seconds... (2/100)

[2026-02-22 03:06:02,418: INFO/MainProcess] Connected to redis://localhost:6379/0
[2026-02-22 03:06:02,434: INFO/MainProcess] mingle: searching for neighbors
[2026-02-22 03:06:03,479: INFO/MainProcess] mingle: all alone
[2026-02-22 03:06:44,380: WARNING/MainProcess] consumer: Connection to broker lost. Trying to re-establish the connection...
Traceback (most recent call last):
  File "/Library/Frameworks/Python.framework/Versions/3.11/lib/python3.11/site-packages/celery/worker/consumer/consumer.py", line 346, in start
    blueprint.start(self)
  File "/Library/Frameworks/Python.framework/Versions/3.11/lib/python3.11/site-packages/celery/bootsteps.py", line 116, in start
    step.start(parent)
  File "/Library/Frameworks/Python.framework/Versions/3.11/lib/python3.11/site-packages/celery/worker/consumer/consumer.py", line 788, in start
    c.loop(*c.loop_args())
  File "/Library/Frameworks/Python.framework/Versions/3.11/lib/python3.11/site-packages/celery/worker/loops.py", line 96, in asynloop
    next(loop)
  File "/Library/Frameworks/Python.framework/Versions/3.11/lib/python3.11/site-packages/kombu/asynchronous/hub.py", line 377, in create_loop
    cb(*cbargs)
  File "/Library/Frameworks/Python.framework/Versions/3.11/lib/python3.11/site-packages/kombu/transport/redis.py", line 1394, in on_readable
    self.cycle.on_readable(fileno)
  File "/Library/Frameworks/Python.framework/Versions/3.11/lib/python3.11/site-packages/kombu/transport/redis.py", line 579, in on_readable
    chan.handlers[type]()
  File "/Library/Frameworks/Python.framework/Versions/3.11/lib/python3.11/site-packages/kombu/transport/redis.py", line 931, in _receive
    ret.append(self._receive_one(c))
               ^^^^^^^^^^^^^^^^^^^^
  File "/Library/Frameworks/Python.framework/Versions/3.11/lib/python3.11/site-packages/kombu/transport/redis.py", line 941, in _receive_one
    response = c.parse_response()
               ^^^^^^^^^^^^^^^^^^
  File "/Library/Frameworks/Python.framework/Versions/3.11/lib/python3.11/site-packages/redis/client.py", line 824, in parse_response
    response = self._execute(conn, try_read)
               ^^^^^^^^^^^^^^^^^^^^^^^^^^^^^
  File "/Library/Frameworks/Python.framework/Versions/3.11/lib/python3.11/site-packages/redis/client.py", line 800, in _execute
    return conn.retry.call_with_retry(
           ^^^^^^^^^^^^^^^^^^^^^^^^^^^
  File "/Library/Frameworks/Python.framework/Versions/3.11/lib/python3.11/site-packages/redis/retry.py", line 49, in call_with_retry
    fail(error)
  File "/Library/Frameworks/Python.framework/Versions/3.11/lib/python3.11/site-packages/redis/client.py", line 802, in <lambda>
    lambda error: self._disconnect_raise_connect(conn, error),
                  ^^^^^^^^^^^^^^^^^^^^^^^^^^^^^^^^^^^^^^^^^^^
  File "/Library/Frameworks/Python.framework/Versions/3.11/lib/python3.11/site-packages/redis/client.py", line 789, in _disconnect_raise_connect
    raise error
  File "/Library/Frameworks/Python.framework/Versions/3.11/lib/python3.11/site-packages/redis/retry.py", line 46, in call_with_retry
    return do()
           ^^^^
  File "/Library/Frameworks/Python.framework/Versions/3.11/lib/python3.11/site-packages/redis/client.py", line 801, in <lambda>
    lambda: command(*args, **kwargs),
            ^^^^^^^^^^^^^^^^^^^^^^^^
  File "/Library/Frameworks/Python.framework/Versions/3.11/lib/python3.11/site-packages/redis/client.py", line 822, in try_read
    return conn.read_response(disconnect_on_error=False, push_request=True)
           ^^^^^^^^^^^^^^^^^^^^^^^^^^^^^^^^^^^^^^^^^^^^^^^^^^^^^^^^^^^^^^^^
  File "/Library/Frameworks/Python.framework/Versions/3.11/lib/python3.11/site-packages/redis/connection.py", line 500, in read_response
    response = self._parser.read_response(disable_decoding=disable_decoding)
               ^^^^^^^^^^^^^^^^^^^^^^^^^^^^^^^^^^^^^^^^^^^^^^^^^^^^^^^^^^^^^
  File "/Library/Frameworks/Python.framework/Versions/3.11/lib/python3.11/site-packages/redis/_parsers/resp2.py", line 15, in read_response
    result = self._read_response(disable_decoding=disable_decoding)
             ^^^^^^^^^^^^^^^^^^^^^^^^^^^^^^^^^^^^^^^^^^^^^^^^^^^^^^
  File "/Library/Frameworks/Python.framework/Versions/3.11/lib/python3.11/site-packages/redis/_parsers/resp2.py", line 25, in _read_response
    raw = self._buffer.readline()
          ^^^^^^^^^^^^^^^^^^^^^^^
  File "/Library/Frameworks/Python.framework/Versions/3.11/lib/python3.11/site-packages/redis/_parsers/socket.py", line 115, in readline
    self._read_from_socket()
  File "/Library/Frameworks/Python.framework/Versions/3.11/lib/python3.11/site-packages/redis/_parsers/socket.py", line 68, in _read_from_socket
    raise ConnectionError(SERVER_CLOSED_CONNECTION_ERROR)
redis.exceptions.ConnectionError: Connection closed by server.
[2026-02-22 03:06:44,389: WARNING/MainProcess] /Library/Frameworks/Python.framework/Versions/3.11/lib/python3.11/site-packages/celery/worker/consumer/consumer.py:397: CPendingDeprecationWarning: 
In Celery 5.1 we introduced an optional breaking change which
on connection loss cancels all currently executed tasks with late acknowledgement enabled.
These tasks cannot be acknowledged as the connection is gone, and the tasks are automatically redelivered
back to the queue. You can enable this behavior using the worker_cancel_long_running_tasks_on_connection_loss
setting. In Celery 5.1 it is set to False by default. The setting will be set to True by default in Celery 6.0.

  warnings.warn(CANCEL_TASKS_BY_DEFAULT, CPendingDeprecationWarning)

[2026-02-22 03:06:44,396: ERROR/MainProcess] consumer: Cannot connect to redis://localhost:6379/0: Connection closed by server..
Trying again in 2.00 seconds... (1/100)

[2026-02-22 03:06:46,406: ERROR/MainProcess] consumer: Cannot connect to redis://localhost:6379/0: Error 61 connecting to localhost:6379. Connection refused..
Trying again in 4.00 seconds... (2/100)

[2026-02-22 03:06:50,419: ERROR/MainProcess] consumer: Cannot connect to redis://localhost:6379/0: Error 61 connecting to localhost:6379. Connection refused..
Trying again in 6.00 seconds... (3/100)

[2026-02-22 03:06:56,439: ERROR/MainProcess] consumer: Cannot connect to redis://localhost:6379/0: Error 61 connecting to localhost:6379. Connection refused..
Trying again in 8.00 seconds... (4/100)

[2026-02-22 03:07:04,473: ERROR/MainProcess] consumer: Cannot connect to redis://localhost:6379/0: Error 61 connecting to localhost:6379. Connection refused..
Trying again in 10.00 seconds... (5/100)

[2026-02-22 03:07:14,505: ERROR/MainProcess] consumer: Cannot connect to redis://localhost:6379/0: Error 61 connecting to localhost:6379. Connection refused..
Trying again in 12.00 seconds... (6/100)

[2026-02-22 03:07:26,551: ERROR/MainProcess] consumer: Cannot connect to redis://localhost:6379/0: Error 61 connecting to localhost:6379. Connection refused..
Trying again in 14.00 seconds... (7/100)

[2026-02-22 03:07:40,607: ERROR/MainProcess] consumer: Cannot connect to redis://localhost:6379/0: Error 61 connecting to localhost:6379. Connection refused..
Trying again in 16.00 seconds... (8/100)

[2026-02-22 03:07:56,675: ERROR/MainProcess] consumer: Cannot connect to redis://localhost:6379/0: Error 61 connecting to localhost:6379. Connection refused..
Trying again in 18.00 seconds... (9/100)

[2026-02-22 03:08:14,724: ERROR/MainProcess] consumer: Cannot connect to redis://localhost:6379/0: Error 61 connecting to localhost:6379. Connection refused..
Trying again in 20.00 seconds... (10/100)

[2026-02-22 03:08:34,789: ERROR/MainProcess] consumer: Cannot connect to redis://localhost:6379/0: Error 61 connecting to localhost:6379. Connection refused..
Trying again in 22.00 seconds... (11/100)

[2026-02-22 03:08:56,866: ERROR/MainProcess] consumer: Cannot connect to redis://localhost:6379/0: Error 61 connecting to localhost:6379. Connection refused..
Trying again in 24.00 seconds... (12/100)

[2026-02-22 03:09:20,931: ERROR/MainProcess] consumer: Cannot connect to redis://localhost:6379/0: Error 61 connecting to localhost:6379. Connection refused..
Trying again in 26.00 seconds... (13/100)

[2026-02-22 03:09:47,006: ERROR/MainProcess] consumer: Cannot connect to redis://localhost:6379/0: Error 61 connecting to localhost:6379. Connection refused..
Trying again in 28.00 seconds... (14/100)

[2026-02-22 03:10:15,106: ERROR/MainProcess] consumer: Cannot connect to redis://localhost:6379/0: Error 61 connecting to localhost:6379. Connection refused..
Trying again in 30.00 seconds... (15/100)

[2026-02-22 03:10:45,203: ERROR/MainProcess] consumer: Cannot connect to redis://localhost:6379/0: Error 61 connecting to localhost:6379. Connection refused..
Trying again in 32.00 seconds... (16/100)

[2026-02-22 03:11:17,329: ERROR/MainProcess] consumer: Cannot connect to redis://localhost:6379/0: Error 61 connecting to localhost:6379. Connection refused..
Trying again in 32.00 seconds... (17/100)

[2026-02-22 03:11:49,446: ERROR/MainProcess] consumer: Cannot connect to redis://localhost:6379/0: Error 61 connecting to localhost:6379. Connection refused..
Trying again in 32.00 seconds... (18/100)

[2026-02-22 03:12:21,559: ERROR/MainProcess] consumer: Cannot connect to redis://localhost:6379/0: Error 61 connecting to localhost:6379. Connection refused..
Trying again in 32.00 seconds... (19/100)

[2026-02-22 03:12:53,671: ERROR/MainProcess] consumer: Cannot connect to redis://localhost:6379/0: Error 61 connecting to localhost:6379. Connection refused..
Trying again in 32.00 seconds... (20/100)

[2026-02-22 03:13:25,780: ERROR/MainProcess] consumer: Cannot connect to redis://localhost:6379/0: Error 61 connecting to localhost:6379. Connection refused..
Trying again in 32.00 seconds... (21/100)

[2026-02-22 03:13:57,899: ERROR/MainProcess] consumer: Cannot connect to redis://localhost:6379/0: Error 61 connecting to localhost:6379. Connection refused..
Trying again in 32.00 seconds... (22/100)

[2026-02-22 03:14:30,011: ERROR/MainProcess] consumer: Cannot connect to redis://localhost:6379/0: Error 61 connecting to localhost:6379. Connection refused..
Trying again in 32.00 seconds... (23/100)

[2026-02-22 03:15:02,156: ERROR/MainProcess] consumer: Cannot connect to redis://localhost:6379/0: Error 61 connecting to localhost:6379. Connection refused..
Trying again in 32.00 seconds... (24/100)

[2026-02-22 03:15:34,263: ERROR/MainProcess] consumer: Cannot connect to redis://localhost:6379/0: Error 61 connecting to localhost:6379. Connection refused..
Trying again in 32.00 seconds... (25/100)

[2026-02-22 03:16:06,367: ERROR/MainProcess] consumer: Cannot connect to redis://localhost:6379/0: Error 61 connecting to localhost:6379. Connection refused..
Trying again in 32.00 seconds... (26/100)

[2026-02-22 03:16:38,481: ERROR/MainProcess] consumer: Cannot connect to redis://localhost:6379/0: Error 61 connecting to localhost:6379. Connection refused..
Trying again in 32.00 seconds... (27/100)

[2026-02-22 03:17:10,586: ERROR/MainProcess] consumer: Cannot connect to redis://localhost:6379/0: Error 61 connecting to localhost:6379. Connection refused..
Trying again in 32.00 seconds... (28/100)

[2026-02-22 03:17:42,717: ERROR/MainProcess] consumer: Cannot connect to redis://localhost:6379/0: Error 61 connecting to localhost:6379. Connection refused..
Trying again in 32.00 seconds... (29/100)

[2026-02-22 03:18:14,822: ERROR/MainProcess] consumer: Cannot connect to redis://localhost:6379/0: Error 61 connecting to localhost:6379. Connection refused..
Trying again in 32.00 seconds... (30/100)

[2026-02-22 03:18:46,942: ERROR/MainProcess] consumer: Cannot connect to redis://localhost:6379/0: Error 61 connecting to localhost:6379. Connection refused..
Trying again in 32.00 seconds... (31/100)

[2026-02-22 03:19:19,074: ERROR/MainProcess] consumer: Cannot connect to redis://localhost:6379/0: Error 61 connecting to localhost:6379. Connection refused..
Trying again in 32.00 seconds... (32/100)

[2026-02-22 03:19:51,203: ERROR/MainProcess] consumer: Cannot connect to redis://localhost:6379/0: Error 61 connecting to localhost:6379. Connection refused..
Trying again in 32.00 seconds... (33/100)

[2026-02-22 03:20:23,322: ERROR/MainProcess] consumer: Cannot connect to redis://localhost:6379/0: Error 61 connecting to localhost:6379. Connection refused..
Trying again in 32.00 seconds... (34/100)

[2026-02-22 03:20:55,449: ERROR/MainProcess] consumer: Cannot connect to redis://localhost:6379/0: Error 61 connecting to localhost:6379. Connection refused..
Trying again in 32.00 seconds... (35/100)

[2026-02-22 03:21:27,562: ERROR/MainProcess] consumer: Cannot connect to redis://localhost:6379/0: Error 61 connecting to localhost:6379. Connection refused..
Trying again in 32.00 seconds... (36/100)

[2026-02-22 03:21:59,671: ERROR/MainProcess] consumer: Cannot connect to redis://localhost:6379/0: Error 61 connecting to localhost:6379. Connection refused..
Trying again in 32.00 seconds... (37/100)

[2026-02-22 03:22:31,802: ERROR/MainProcess] consumer: Cannot connect to redis://localhost:6379/0: Error 61 connecting to localhost:6379. Connection refused..
Trying again in 32.00 seconds... (38/100)

[2026-02-22 03:23:03,962: ERROR/MainProcess] consumer: Cannot connect to redis://localhost:6379/0: Error 61 connecting to localhost:6379. Connection refused..
Trying again in 32.00 seconds... (39/100)

[2026-02-22 03:23:36,069: ERROR/MainProcess] consumer: Cannot connect to redis://localhost:6379/0: Error 61 connecting to localhost:6379. Connection refused..
Trying again in 32.00 seconds... (40/100)

[2026-02-22 03:24:08,192: ERROR/MainProcess] consumer: Cannot connect to redis://localhost:6379/0: Error 61 connecting to localhost:6379. Connection refused..
Trying again in 32.00 seconds... (41/100)

[2026-02-22 03:24:40,294: ERROR/MainProcess] consumer: Cannot connect to redis://localhost:6379/0: Error 61 connecting to localhost:6379. Connection refused..
Trying again in 32.00 seconds... (42/100)

[2026-02-22 03:25:12,417: ERROR/MainProcess] consumer: Cannot connect to redis://localhost:6379/0: Error 61 connecting to localhost:6379. Connection refused..
Trying again in 32.00 seconds... (43/100)

[2026-02-22 03:25:44,542: ERROR/MainProcess] consumer: Cannot connect to redis://localhost:6379/0: Error 61 connecting to localhost:6379. Connection refused..
Trying again in 32.00 seconds... (44/100)

[2026-02-22 03:26:16,665: ERROR/MainProcess] consumer: Cannot connect to redis://localhost:6379/0: Error 61 connecting to localhost:6379. Connection refused..
Trying again in 32.00 seconds... (45/100)

[2026-02-22 03:26:48,860: ERROR/MainProcess] consumer: Cannot connect to redis://localhost:6379/0: Error 61 connecting to localhost:6379. Connection refused..
Trying again in 32.00 seconds... (46/100)

[2026-02-22 03:27:21,067: ERROR/MainProcess] consumer: Cannot connect to redis://localhost:6379/0: Error 61 connecting to localhost:6379. Connection refused..
Trying again in 32.00 seconds... (47/100)

[2026-02-22 03:27:53,345: ERROR/MainProcess] consumer: Cannot connect to redis://localhost:6379/0: Error 61 connecting to localhost:6379. Connection refused..
Trying again in 32.00 seconds... (48/100)

[2026-02-22 03:28:25,559: ERROR/MainProcess] consumer: Cannot connect to redis://localhost:6379/0: Error 61 connecting to localhost:6379. Connection refused..
Trying again in 32.00 seconds... (49/100)

[2026-02-22 03:28:57,816: ERROR/MainProcess] consumer: Cannot connect to redis://localhost:6379/0: Error 61 connecting to localhost:6379. Connection refused..
Trying again in 32.00 seconds... (50/100)

[2026-02-22 03:29:30,013: ERROR/MainProcess] consumer: Cannot connect to redis://localhost:6379/0: Error 61 connecting to localhost:6379. Connection refused..
Trying again in 32.00 seconds... (51/100)

[2026-02-22 03:30:02,226: ERROR/MainProcess] consumer: Cannot connect to redis://localhost:6379/0: Error 61 connecting to localhost:6379. Connection refused..
Trying again in 32.00 seconds... (52/100)

[2026-02-22 03:30:34,491: ERROR/MainProcess] consumer: Cannot connect to redis://localhost:6379/0: Error 61 connecting to localhost:6379. Connection refused..
Trying again in 32.00 seconds... (53/100)

[2026-02-22 03:31:06,709: ERROR/MainProcess] consumer: Cannot connect to redis://localhost:6379/0: Error 61 connecting to localhost:6379. Connection refused..
Trying again in 32.00 seconds... (54/100)

[2026-02-22 03:31:38,949: ERROR/MainProcess] consumer: Cannot connect to redis://localhost:6379/0: Error 61 connecting to localhost:6379. Connection refused..
Trying again in 32.00 seconds... (55/100)

[2026-02-22 03:32:11,192: ERROR/MainProcess] consumer: Cannot connect to redis://localhost:6379/0: Error 61 connecting to localhost:6379. Connection refused..
Trying again in 32.00 seconds... (56/100)

[2026-02-22 03:32:43,424: ERROR/MainProcess] consumer: Cannot connect to redis://localhost:6379/0: Error 61 connecting to localhost:6379. Connection refused..
Trying again in 32.00 seconds... (57/100)

[2026-02-22 03:33:15,641: ERROR/MainProcess] consumer: Cannot connect to redis://localhost:6379/0: Error 61 connecting to localhost:6379. Connection refused..
Trying again in 32.00 seconds... (58/100)

[2026-02-22 03:33:47,839: ERROR/MainProcess] consumer: Cannot connect to redis://localhost:6379/0: Error 61 connecting to localhost:6379. Connection refused..
Trying again in 32.00 seconds... (59/100)

[2026-02-22 03:34:19,998: ERROR/MainProcess] consumer: Cannot connect to redis://localhost:6379/0: Error 61 connecting to localhost:6379. Connection refused..
Trying again in 32.00 seconds... (60/100)

[2026-02-22 03:34:52,180: ERROR/MainProcess] consumer: Cannot connect to redis://localhost:6379/0: Error 61 connecting to localhost:6379. Connection refused..
Trying again in 32.00 seconds... (61/100)

[2026-02-22 03:35:24,366: ERROR/MainProcess] consumer: Cannot connect to redis://localhost:6379/0: Error 61 connecting to localhost:6379. Connection refused..
Trying again in 32.00 seconds... (62/100)

[2026-02-22 03:35:56,611: ERROR/MainProcess] consumer: Cannot connect to redis://localhost:6379/0: Error 61 connecting to localhost:6379. Connection refused..
Trying again in 32.00 seconds... (63/100)

[2026-02-22 03:36:28,818: ERROR/MainProcess] consumer: Cannot connect to redis://localhost:6379/0: Error 61 connecting to localhost:6379. Connection refused..
Trying again in 32.00 seconds... (64/100)

[2026-02-22 03:37:01,019: ERROR/MainProcess] consumer: Cannot connect to redis://localhost:6379/0: Error 61 connecting to localhost:6379. Connection refused..
Trying again in 32.00 seconds... (65/100)

[2026-02-22 03:37:33,273: ERROR/MainProcess] consumer: Cannot connect to redis://localhost:6379/0: Error 61 connecting to localhost:6379. Connection refused..
Trying again in 32.00 seconds... (66/100)

[2026-02-22 03:38:05,507: ERROR/MainProcess] consumer: Cannot connect to redis://localhost:6379/0: Error 61 connecting to localhost:6379. Connection refused..
Trying again in 32.00 seconds... (67/100)

[2026-02-22 03:38:37,751: ERROR/MainProcess] consumer: Cannot connect to redis://localhost:6379/0: Error 61 connecting to localhost:6379. Connection refused..
Trying again in 32.00 seconds... (68/100)

[2026-02-22 03:39:09,970: ERROR/MainProcess] consumer: Cannot connect to redis://localhost:6379/0: Error 61 connecting to localhost:6379. Connection refused..
Trying again in 32.00 seconds... (69/100)

[2026-02-22 03:39:42,244: ERROR/MainProcess] consumer: Cannot connect to redis://localhost:6379/0: Error 61 connecting to localhost:6379. Connection refused..
Trying again in 32.00 seconds... (70/100)

[2026-02-22 03:40:14,507: ERROR/MainProcess] consumer: Cannot connect to redis://localhost:6379/0: Error 61 connecting to localhost:6379. Connection refused..
Trying again in 32.00 seconds... (71/100)

[2026-02-22 03:40:46,741: ERROR/MainProcess] consumer: Cannot connect to redis://localhost:6379/0: Error 61 connecting to localhost:6379. Connection refused..
Trying again in 32.00 seconds... (72/100)

[2026-02-22 03:41:18,952: ERROR/MainProcess] consumer: Cannot connect to redis://localhost:6379/0: Error 61 connecting to localhost:6379. Connection refused..
Trying again in 32.00 seconds... (73/100)

[2026-02-22 03:41:51,214: ERROR/MainProcess] consumer: Cannot connect to redis://localhost:6379/0: Error 61 connecting to localhost:6379. Connection refused..
Trying again in 32.00 seconds... (74/100)

[2026-02-22 03:42:23,471: ERROR/MainProcess] consumer: Cannot connect to redis://localhost:6379/0: Error 61 connecting to localhost:6379. Connection refused..
Trying again in 32.00 seconds... (75/100)

[2026-02-22 03:42:55,690: ERROR/MainProcess] consumer: Cannot connect to redis://localhost:6379/0: Error 61 connecting to localhost:6379. Connection refused..
Trying again in 32.00 seconds... (76/100)

[2026-02-22 03:43:27,922: ERROR/MainProcess] consumer: Cannot connect to redis://localhost:6379/0: Error 61 connecting to localhost:6379. Connection refused..
Trying again in 32.00 seconds... (77/100)

[2026-02-22 03:44:00,120: ERROR/MainProcess] consumer: Cannot connect to redis://localhost:6379/0: Error 61 connecting to localhost:6379. Connection refused..
Trying again in 32.00 seconds... (78/100)

[2026-02-22 03:44:32,323: ERROR/MainProcess] consumer: Cannot connect to redis://localhost:6379/0: Error 61 connecting to localhost:6379. Connection refused..
Trying again in 32.00 seconds... (79/100)

[2026-02-22 03:45:04,554: ERROR/MainProcess] consumer: Cannot connect to redis://localhost:6379/0: Error 61 connecting to localhost:6379. Connection refused..
Trying again in 32.00 seconds... (80/100)

[2026-02-22 03:45:36,764: ERROR/MainProcess] consumer: Cannot connect to redis://localhost:6379/0: Error 61 connecting to localhost:6379. Connection refused..
Trying again in 32.00 seconds... (81/100)

[2026-02-22 03:46:09,003: ERROR/MainProcess] consumer: Cannot connect to redis://localhost:6379/0: Error 61 connecting to localhost:6379. Connection refused..
Trying again in 32.00 seconds... (82/100)

[2026-02-22 03:46:41,284: ERROR/MainProcess] consumer: Cannot connect to redis://localhost:6379/0: Error 61 connecting to localhost:6379. Connection refused..
Trying again in 32.00 seconds... (83/100)

[2026-02-22 03:47:13,517: ERROR/MainProcess] consumer: Cannot connect to redis://localhost:6379/0: Error 61 connecting to localhost:6379. Connection refused..
Trying again in 32.00 seconds... (84/100)

[2026-02-22 03:47:45,744: ERROR/MainProcess] consumer: Cannot connect to redis://localhost:6379/0: Error 61 connecting to localhost:6379. Connection refused..
Trying again in 32.00 seconds... (85/100)

[2026-02-22 03:48:17,982: ERROR/MainProcess] consumer: Cannot connect to redis://localhost:6379/0: Error 61 connecting to localhost:6379. Connection refused..
Trying again in 32.00 seconds... (86/100)

[2026-02-22 03:48:50,235: ERROR/MainProcess] consumer: Cannot connect to redis://localhost:6379/0: Error 61 connecting to localhost:6379. Connection refused..
Trying again in 32.00 seconds... (87/100)

[2026-02-22 03:49:22,504: ERROR/MainProcess] consumer: Cannot connect to redis://localhost:6379/0: Error 61 connecting to localhost:6379. Connection refused..
Trying again in 32.00 seconds... (88/100)

[2026-02-22 03:49:54,765: ERROR/MainProcess] consumer: Cannot connect to redis://localhost:6379/0: Error 61 connecting to localhost:6379. Connection refused..
Trying again in 32.00 seconds... (89/100)

[2026-02-22 03:50:27,004: ERROR/MainProcess] consumer: Cannot connect to redis://localhost:6379/0: Error 61 connecting to localhost:6379. Connection refused..
Trying again in 32.00 seconds... (90/100)

[2026-02-22 03:50:59,220: ERROR/MainProcess] consumer: Cannot connect to redis://localhost:6379/0: Error 61 connecting to localhost:6379. Connection refused..
Trying again in 32.00 seconds... (91/100)

[2026-02-22 03:51:31,480: ERROR/MainProcess] consumer: Cannot connect to redis://localhost:6379/0: Error 61 connecting to localhost:6379. Connection refused..
Trying again in 32.00 seconds... (92/100)

[2026-02-22 03:52:03,734: ERROR/MainProcess] consumer: Cannot connect to redis://localhost:6379/0: Error 61 connecting to localhost:6379. Connection refused..
Trying again in 32.00 seconds... (93/100)

[2026-02-22 03:52:35,993: ERROR/MainProcess] consumer: Cannot connect to redis://localhost:6379/0: Error 61 connecting to localhost:6379. Connection refused..
Trying again in 32.00 seconds... (94/100)

[2026-02-22 03:53:08,234: ERROR/MainProcess] consumer: Cannot connect to redis://localhost:6379/0: Error 61 connecting to localhost:6379. Connection refused..
Trying again in 32.00 seconds... (95/100)

[2026-02-22 03:53:40,517: ERROR/MainProcess] consumer: Cannot connect to redis://localhost:6379/0: Error 61 connecting to localhost:6379. Connection refused..
Trying again in 32.00 seconds... (96/100)

[2026-02-22 03:54:12,734: ERROR/MainProcess] consumer: Cannot connect to redis://localhost:6379/0: Error 61 connecting to localhost:6379. Connection refused..
Trying again in 32.00 seconds... (97/100)

[2026-02-22 03:54:45,004: ERROR/MainProcess] consumer: Cannot connect to redis://localhost:6379/0: Error 61 connecting to localhost:6379. Connection refused..
Trying again in 32.00 seconds... (98/100)

[2026-02-22 03:55:17,249: ERROR/MainProcess] consumer: Cannot connect to redis://localhost:6379/0: Error 61 connecting to localhost:6379. Connection refused..
Trying again in 32.00 seconds... (99/100)

[2026-02-22 03:55:49,531: ERROR/MainProcess] consumer: Cannot connect to redis://localhost:6379/0: Error 61 connecting to localhost:6379. Connection refused..
Trying again in 32.00 seconds... (100/100)

[2026-02-22 03:56:21,781: CRITICAL/MainProcess] Unrecoverable error: OperationalError('Error 61 connecting to localhost:6379. Connection refused.')
Traceback (most recent call last):
  File "/Library/Frameworks/Python.framework/Versions/3.11/lib/python3.11/site-packages/kombu/transport/virtual/base.py", line 951, in create_channel
    return self._avail_channels.pop()
           ^^^^^^^^^^^^^^^^^^^^^^^^^^
IndexError: pop from empty list

During handling of the above exception, another exception occurred:

Traceback (most recent call last):
  File "/Library/Frameworks/Python.framework/Versions/3.11/lib/python3.11/site-packages/redis/connection.py", line 264, in connect
    sock = self.retry.call_with_retry(
           ^^^^^^^^^^^^^^^^^^^^^^^^^^^
  File "/Library/Frameworks/Python.framework/Versions/3.11/lib/python3.11/site-packages/redis/retry.py", line 46, in call_with_retry
    return do()
           ^^^^
  File "/Library/Frameworks/Python.framework/Versions/3.11/lib/python3.11/site-packages/redis/connection.py", line 265, in <lambda>
    lambda: self._connect(), lambda error: self.disconnect(error)
            ^^^^^^^^^^^^^^^
  File "/Library/Frameworks/Python.framework/Versions/3.11/lib/python3.11/site-packages/redis/connection.py", line 627, in _connect
    raise err
  File "/Library/Frameworks/Python.framework/Versions/3.11/lib/python3.11/site-packages/redis/connection.py", line 615, in _connect
    sock.connect(socket_address)
ConnectionRefusedError: [Errno 61] Connection refused

During handling of the above exception, another exception occurred:

Traceback (most recent call last):
  File "/Library/Frameworks/Python.framework/Versions/3.11/lib/python3.11/site-packages/kombu/connection.py", line 474, in _reraise_as_library_errors
    yield
  File "/Library/Frameworks/Python.framework/Versions/3.11/lib/python3.11/site-packages/kombu/connection.py", line 461, in _ensure_connection
    return retry_over_time(
           ^^^^^^^^^^^^^^^^
  File "/Library/Frameworks/Python.framework/Versions/3.11/lib/python3.11/site-packages/kombu/utils/functional.py", line 318, in retry_over_time
    return fun(*args, **kwargs)
           ^^^^^^^^^^^^^^^^^^^^
  File "/Library/Frameworks/Python.framework/Versions/3.11/lib/python3.11/site-packages/kombu/connection.py", line 941, in _connection_factory
    self._connection = self._establish_connection()
                       ^^^^^^^^^^^^^^^^^^^^^^^^^^^^
  File "/Library/Frameworks/Python.framework/Versions/3.11/lib/python3.11/site-packages/kombu/connection.py", line 863, in _establish_connection
    conn = self.transport.establish_connection()
           ^^^^^^^^^^^^^^^^^^^^^^^^^^^^^^^^^^^^^
  File "/Library/Frameworks/Python.framework/Versions/3.11/lib/python3.11/site-packages/kombu/transport/virtual/base.py", line 975, in establish_connection
    self._avail_channels.append(self.create_channel(self))
                                ^^^^^^^^^^^^^^^^^^^^^^^^^
  File "/Library/Frameworks/Python.framework/Versions/3.11/lib/python3.11/site-packages/kombu/transport/virtual/base.py", line 953, in create_channel
    channel = self.Channel(connection)
              ^^^^^^^^^^^^^^^^^^^^^^^^
  File "/Library/Frameworks/Python.framework/Versions/3.11/lib/python3.11/site-packages/kombu/transport/redis.py", line 757, in __init__
    self.client.ping()
  File "/Library/Frameworks/Python.framework/Versions/3.11/lib/python3.11/site-packages/redis/commands/core.py", line 1216, in ping
    return self.execute_command("PING", **kwargs)
           ^^^^^^^^^^^^^^^^^^^^^^^^^^^^^^^^^^^^^^
  File "/Library/Frameworks/Python.framework/Versions/3.11/lib/python3.11/site-packages/redis/client.py", line 533, in execute_command
    conn = self.connection or pool.get_connection(command_name, **options)
                              ^^^^^^^^^^^^^^^^^^^^^^^^^^^^^^^^^^^^^^^^^^^^
  File "/Library/Frameworks/Python.framework/Versions/3.11/lib/python3.11/site-packages/redis/connection.py", line 1086, in get_connection
    connection.connect()
  File "/Library/Frameworks/Python.framework/Versions/3.11/lib/python3.11/site-packages/redis/connection.py", line 270, in connect
    raise ConnectionError(self._error_message(e))
redis.exceptions.ConnectionError: Error 61 connecting to localhost:6379. Connection refused.

The above exception was the direct cause of the following exception:

Traceback (most recent call last):
  File "/Library/Frameworks/Python.framework/Versions/3.11/lib/python3.11/site-packages/celery/worker/worker.py", line 203, in start
    self.blueprint.start(self)
  File "/Library/Frameworks/Python.framework/Versions/3.11/lib/python3.11/site-packages/celery/bootsteps.py", line 116, in start
    step.start(parent)
  File "/Library/Frameworks/Python.framework/Versions/3.11/lib/python3.11/site-packages/celery/bootsteps.py", line 365, in start
    return self.obj.start()
           ^^^^^^^^^^^^^^^^
  File "/Library/Frameworks/Python.framework/Versions/3.11/lib/python3.11/site-packages/celery/worker/consumer/consumer.py", line 346, in start
    blueprint.start(self)
  File "/Library/Frameworks/Python.framework/Versions/3.11/lib/python3.11/site-packages/celery/bootsteps.py", line 116, in start
    step.start(parent)
  File "/Library/Frameworks/Python.framework/Versions/3.11/lib/python3.11/site-packages/celery/worker/consumer/connection.py", line 21, in start
    c.connection = c.connect()
                   ^^^^^^^^^^^
  File "/Library/Frameworks/Python.framework/Versions/3.11/lib/python3.11/site-packages/celery/worker/consumer/consumer.py", line 475, in connect
    conn = self.connection_for_read(heartbeat=self.amqheartbeat)
           ^^^^^^^^^^^^^^^^^^^^^^^^^^^^^^^^^^^^^^^^^^^^^^^^^^^^^
  File "/Library/Frameworks/Python.framework/Versions/3.11/lib/python3.11/site-packages/celery/worker/consumer/consumer.py", line 481, in connection_for_read
    return self.ensure_connected(
           ^^^^^^^^^^^^^^^^^^^^^^
  File "/Library/Frameworks/Python.framework/Versions/3.11/lib/python3.11/site-packages/celery/worker/consumer/consumer.py", line 535, in ensure_connected
    conn = conn.ensure_connection(
           ^^^^^^^^^^^^^^^^^^^^^^^
  File "/Library/Frameworks/Python.framework/Versions/3.11/lib/python3.11/site-packages/kombu/connection.py", line 408, in ensure_connection
    self._ensure_connection(*args, **kwargs)
  File "/Library/Frameworks/Python.framework/Versions/3.11/lib/python3.11/site-packages/kombu/connection.py", line 460, in _ensure_connection
    with ctx():
  File "/Library/Frameworks/Python.framework/Versions/3.11/lib/python3.11/contextlib.py", line 155, in __exit__
    self.gen.throw(typ, value, traceback)
  File "/Library/Frameworks/Python.framework/Versions/3.11/lib/python3.11/site-packages/kombu/connection.py", line 478, in _reraise_as_library_errors
    raise ConnectionError(str(exc)) from exc
kombu.exceptions.OperationalError: Error 61 connecting to localhost:6379. Connection refused.
